<?xml version="1.0" encoding="UTF-8"?>
<testsuite xmlns:xsi="http://www.w3.org/2001/XMLSchema-instance" xsi:noNamespaceSchemaLocation="https://maven.apache.org/surefire/maven-surefire-plugin/xsd/surefire-test-report.xsd" name="edu.ntnu.idatt2001.lectures.AppTest" time="0.057" tests="2" errors="0" skipped="0" failures="0">
  <properties>
[...]
</properties>
  <testcase name="createStudentTest" classname="edu.ntnu.idatt2001.lectures.AppTest" time="0.008"/>
  <testcase name="createPostalAddressTest" classname="edu.ntnu.idatt2001.lectures.AppTest" time="0.006"/>
</testsuite>